#! /usr/bin/vvp
:ivl_version "11.0 (stable)";
:ivl_delay_selection "TYPICAL";
:vpi_time_precision + 0;
:vpi_module "/usr/lib/x86_64-linux-gnu/ivl/system.vpi";
:vpi_module "/usr/lib/x86_64-linux-gnu/ivl/vhdl_sys.vpi";
:vpi_module "/usr/lib/x86_64-linux-gnu/ivl/vhdl_textio.vpi";
:vpi_module "/usr/lib/x86_64-linux-gnu/ivl/v2005_math.vpi";
:vpi_module "/usr/lib/x86_64-linux-gnu/ivl/va_math.vpi";
S_0x5573d03fed90 .scope module, "usr" "usr" 2 1;
 .timescale 0 0;
    .port_info 0 /INPUT 1 "clk";
    .port_info 1 /INPUT 1 "serial_in";
    .port_info 2 /INPUT 8 "parallel_in";
    .port_info 3 /INPUT 2 "enable";
    .port_info 4 /OUTPUT 1 "serial_out";
P_0x5573d03fef20 .param/l "N" 0 2 1, +C4<00000000000000000000000000001000>;
o0x7fb0a769b018 .functor BUFZ 1, C4<z>; HiZ drive
v0x5573d03ff030_0 .net "clk", 0 0, o0x7fb0a769b018;  0 drivers
v0x5573d044a350_0 .var "data", 7 0;
o0x7fb0a769b078 .functor BUFZ 2, C4<zz>; HiZ drive
v0x5573d044a430_0 .net "enable", 1 0, o0x7fb0a769b078;  0 drivers
v0x5573d044a520_0 .var "next", 7 0;
o0x7fb0a769b0d8 .functor BUFZ 8, C4<zzzzzzzz>; HiZ drive
v0x5573d044a600_0 .net "parallel_in", 7 0, o0x7fb0a769b0d8;  0 drivers
o0x7fb0a769b108 .functor BUFZ 1, C4<z>; HiZ drive
v0x5573d044a730_0 .net "serial_in", 0 0, o0x7fb0a769b108;  0 drivers
v0x5573d044a7f0_0 .var "serial_out", 0 0;
E_0x5573d0438210 .event edge, v0x5573d044a430_0, v0x5573d044a350_0;
E_0x5573d03ff830 .event edge, v0x5573d044a430_0, v0x5573d044a350_0, v0x5573d044a730_0, v0x5573d044a600_0;
E_0x5573d04383e0 .event posedge, v0x5573d03ff030_0;
    .scope S_0x5573d03fed90;
T_0 ;
    %wait E_0x5573d04383e0;
    %load/vec4 v0x5573d044a520_0;
    %assign/vec4 v0x5573d044a350_0, 0;
    %jmp T_0;
    .thread T_0;
    .scope S_0x5573d03fed90;
T_1 ;
    %wait E_0x5573d03ff830;
    %load/vec4 v0x5573d044a430_0;
    %pad/u 4;
    %dup/vec4;
    %pushi/vec4 0, 0, 4;
    %cmp/u;
    %jmp/1 T_1.0, 6;
    %dup/vec4;
    %pushi/vec4 1, 0, 4;
    %cmp/u;
    %jmp/1 T_1.1, 6;
    %dup/vec4;
    %pushi/vec4 10, 0, 4;
    %cmp/u;
    %jmp/1 T_1.2, 6;
    %dup/vec4;
    %pushi/vec4 11, 0, 4;
    %cmp/u;
    %jmp/1 T_1.3, 6;
    %jmp T_1.4;
T_1.0 ;
    %load/vec4 v0x5573d044a350_0;
    %store/vec4 v0x5573d044a520_0, 0, 8;
    %jmp T_1.4;
T_1.1 ;
    %load/vec4 v0x5573d044a730_0;
    %load/vec4 v0x5573d044a350_0;
    %parti/s 7, 1, 2;
    %concat/vec4; draw_concat_vec4
    %store/vec4 v0x5573d044a520_0, 0, 8;
    %jmp T_1.4;
T_1.2 ;
    %load/vec4 v0x5573d044a350_0;
    %parti/s 7, 0, 2;
    %concati/vec4 0, 0, 1;
    %store/vec4 v0x5573d044a520_0, 0, 8;
    %jmp T_1.4;
T_1.3 ;
    %load/vec4 v0x5573d044a600_0;
    %store/vec4 v0x5573d044a520_0, 0, 8;
    %jmp T_1.4;
T_1.4 ;
    %pop/vec4 1;
    %jmp T_1;
    .thread T_1, $push;
    .scope S_0x5573d03fed90;
T_2 ;
    %wait E_0x5573d0438210;
    %load/vec4 v0x5573d044a430_0;
    %cmpi/e 1, 0, 2;
    %jmp/0xz  T_2.0, 4;
    %load/vec4 v0x5573d044a350_0;
    %parti/s 1, 0, 2;
    %store/vec4 v0x5573d044a7f0_0, 0, 1;
T_2.0 ;
    %jmp T_2;
    .thread T_2, $push;
    .scope S_0x5573d03fed90;
T_3 ;
    %vpi_call 2 26 "$dumpfile", "usr.vcd" {0 0 0};
    %vpi_call 2 27 "$dumpvars", 32'sb00000000000000000000000000000001, S_0x5573d03fed90 {0 0 0};
    %end;
    .thread T_3;
# The file index is used to find the file name in the following table.
:file_names 3;
    "N/A";
    "<interactive>";
    "USR.v";
